2025-11-24T09:52:47.792+09:00  INFO 21460 --- [gallery] [main] com.ssg.gallery.GalleryApplication       : Starting GalleryApplication using Java 17.0.15 with PID 21460 (C:\study\gallery\build\classes\java\main started by ehs in C:\study\gallery)
2025-11-24T09:52:47.793+09:00 DEBUG 21460 --- [gallery] [main] com.ssg.gallery.GalleryApplication       : Running with Spring Boot v3.3.4, Spring v6.1.13
2025-11-24T09:52:47.793+09:00  INFO 21460 --- [gallery] [main] com.ssg.gallery.GalleryApplication       : No active profile set, falling back to 1 default profile: "default"
2025-11-24T09:52:48.219+09:00  INFO 21460 --- [gallery] [main] .s.d.r.c.RepositoryConfigurationDelegate : Bootstrapping Spring Data JPA repositories in DEFAULT mode.
2025-11-24T09:52:48.232+09:00  INFO 21460 --- [gallery] [main] .s.d.r.c.RepositoryConfigurationDelegate : Finished Spring Data repository scanning in 8 ms. Found 0 JPA repository interfaces.
2025-11-24T09:52:48.550+09:00  INFO 21460 --- [gallery] [main] o.s.b.w.embedded.tomcat.TomcatWebServer  : Tomcat initialized with port 8080 (http)
2025-11-24T09:52:48.558+09:00  INFO 21460 --- [gallery] [main] o.apache.catalina.core.StandardService   : Starting service [Tomcat]
2025-11-24T09:52:48.558+09:00  INFO 21460 --- [gallery] [main] o.apache.catalina.core.StandardEngine    : Starting Servlet engine: [Apache Tomcat/10.1.30]
2025-11-24T09:52:48.598+09:00  INFO 21460 --- [gallery] [main] o.a.c.c.C.[Tomcat].[localhost].[/]       : Initializing Spring embedded WebApplicationContext
2025-11-24T09:52:48.599+09:00  INFO 21460 --- [gallery] [main] w.s.c.ServletWebServerApplicationContext : Root WebApplicationContext: initialization completed in 774 ms
2025-11-24T09:52:48.635+09:00  WARN 21460 --- [gallery] [main] ConfigServletWebServerApplicationContext : Exception encountered during context initialization - cancelling refresh attempt: org.springframework.beans.factory.BeanCreationException: Error creating bean with name 'entityManagerFactory' defined in class path resource [org/springframework/boot/autoconfigure/orm/jpa/HibernateJpaConfiguration.class]: Failed to initialize dependency 'dataSourceScriptDatabaseInitializer' of LoadTimeWeaverAware bean 'entityManagerFactory': Error creating bean with name 'dataSourceScriptDatabaseInitializer' defined in class path resource [org/springframework/boot/autoconfigure/sql/init/DataSourceInitializationConfiguration.class]: Unsatisfied dependency expressed through method 'dataSourceScriptDatabaseInitializer' parameter 0: Error creating bean with name 'dataSource' defined in class path resource [org/springframework/boot/autoconfigure/jdbc/DataSourceConfiguration$Hikari.class]: Failed to instantiate [com.zaxxer.hikari.HikariDataSource]: Factory method 'dataSource' threw exception with message: Failed to determine a suitable driver class
2025-11-24T09:52:48.638+09:00  INFO 21460 --- [gallery] [main] o.apache.catalina.core.StandardService   : Stopping service [Tomcat]
2025-11-24T09:52:48.648+09:00  INFO 21460 --- [gallery] [main] .s.b.a.l.ConditionEvaluationReportLogger : 

Error starting ApplicationContext. To display the condition evaluation report re-run your application with 'debug' enabled.
2025-11-24T09:52:48.661+09:00 ERROR 21460 --- [gallery] [main] o.s.b.d.LoggingFailureAnalysisReporter   : 

***************************
APPLICATION FAILED TO START
***************************

Description:

Failed to configure a DataSource: 'url' attribute is not specified and no embedded datasource could be configured.

Reason: Failed to determine a suitable driver class


Action:

Consider the following:
	If you want an embedded database (H2, HSQL or Derby), please put it on the classpath.
	If you have database settings to be loaded from a particular profile you may need to activate it (no profiles are currently active).

2025-11-24T09:53:00.011+09:00  INFO 25292 --- [gallery] [main] com.ssg.gallery.GalleryApplication       : Starting GalleryApplication using Java 17.0.15 with PID 25292 (C:\study\gallery\build\classes\java\main started by ehs in C:\study\gallery)
2025-11-24T09:53:00.013+09:00 DEBUG 25292 --- [gallery] [main] com.ssg.gallery.GalleryApplication       : Running with Spring Boot v3.3.4, Spring v6.1.13
2025-11-24T09:53:00.013+09:00  INFO 25292 --- [gallery] [main] com.ssg.gallery.GalleryApplication       : No active profile set, falling back to 1 default profile: "default"
2025-11-24T09:53:00.494+09:00  INFO 25292 --- [gallery] [main] .s.d.r.c.RepositoryConfigurationDelegate : Bootstrapping Spring Data JPA repositories in DEFAULT mode.
2025-11-24T09:53:00.509+09:00  INFO 25292 --- [gallery] [main] .s.d.r.c.RepositoryConfigurationDelegate : Finished Spring Data repository scanning in 9 ms. Found 0 JPA repository interfaces.
2025-11-24T09:53:00.903+09:00  INFO 25292 --- [gallery] [main] o.s.b.w.embedded.tomcat.TomcatWebServer  : Tomcat initialized with port 8080 (http)
2025-11-24T09:53:00.912+09:00  INFO 25292 --- [gallery] [main] o.apache.catalina.core.StandardService   : Starting service [Tomcat]
2025-11-24T09:53:00.912+09:00  INFO 25292 --- [gallery] [main] o.apache.catalina.core.StandardEngine    : Starting Servlet engine: [Apache Tomcat/10.1.30]
2025-11-24T09:53:00.959+09:00  INFO 25292 --- [gallery] [main] o.a.c.c.C.[Tomcat].[localhost].[/]       : Initializing Spring embedded WebApplicationContext
2025-11-24T09:53:00.960+09:00  INFO 25292 --- [gallery] [main] w.s.c.ServletWebServerApplicationContext : Root WebApplicationContext: initialization completed in 915 ms
2025-11-24T09:53:01.008+09:00  WARN 25292 --- [gallery] [main] ConfigServletWebServerApplicationContext : Exception encountered during context initialization - cancelling refresh attempt: org.springframework.beans.factory.BeanCreationException: Error creating bean with name 'entityManagerFactory' defined in class path resource [org/springframework/boot/autoconfigure/orm/jpa/HibernateJpaConfiguration.class]: Failed to initialize dependency 'dataSourceScriptDatabaseInitializer' of LoadTimeWeaverAware bean 'entityManagerFactory': Error creating bean with name 'dataSourceScriptDatabaseInitializer' defined in class path resource [org/springframework/boot/autoconfigure/sql/init/DataSourceInitializationConfiguration.class]: Unsatisfied dependency expressed through method 'dataSourceScriptDatabaseInitializer' parameter 0: Error creating bean with name 'dataSource' defined in class path resource [org/springframework/boot/autoconfigure/jdbc/DataSourceConfiguration$Hikari.class]: Failed to instantiate [com.zaxxer.hikari.HikariDataSource]: Factory method 'dataSource' threw exception with message: Failed to determine a suitable driver class
2025-11-24T09:53:01.010+09:00  INFO 25292 --- [gallery] [main] o.apache.catalina.core.StandardService   : Stopping service [Tomcat]
2025-11-24T09:53:01.021+09:00  INFO 25292 --- [gallery] [main] .s.b.a.l.ConditionEvaluationReportLogger : 

Error starting ApplicationContext. To display the condition evaluation report re-run your application with 'debug' enabled.
2025-11-24T09:53:01.034+09:00 ERROR 25292 --- [gallery] [main] o.s.b.d.LoggingFailureAnalysisReporter   : 

***************************
APPLICATION FAILED TO START
***************************

Description:

Failed to configure a DataSource: 'url' attribute is not specified and no embedded datasource could be configured.

Reason: Failed to determine a suitable driver class


Action:

Consider the following:
	If you want an embedded database (H2, HSQL or Derby), please put it on the classpath.
	If you have database settings to be loaded from a particular profile you may need to activate it (no profiles are currently active).

2025-11-24T09:54:50.210+09:00  INFO 5236 --- [gallery] [main] com.ssg.gallery.GalleryApplication       : Starting GalleryApplication using Java 17.0.15 with PID 5236 (C:\study\gallery\build\classes\java\main started by ehs in C:\study\gallery)
2025-11-24T09:54:50.211+09:00 DEBUG 5236 --- [gallery] [main] com.ssg.gallery.GalleryApplication       : Running with Spring Boot v3.3.4, Spring v6.1.13
2025-11-24T09:54:50.211+09:00  INFO 5236 --- [gallery] [main] com.ssg.gallery.GalleryApplication       : No active profile set, falling back to 1 default profile: "default"
2025-11-24T09:54:50.766+09:00  INFO 5236 --- [gallery] [main] o.s.b.w.embedded.tomcat.TomcatWebServer  : Tomcat initialized with port 8080 (http)
2025-11-24T09:54:50.775+09:00  INFO 5236 --- [gallery] [main] o.apache.catalina.core.StandardService   : Starting service [Tomcat]
2025-11-24T09:54:50.775+09:00  INFO 5236 --- [gallery] [main] o.apache.catalina.core.StandardEngine    : Starting Servlet engine: [Apache Tomcat/10.1.30]
2025-11-24T09:54:50.809+09:00  INFO 5236 --- [gallery] [main] o.a.c.c.C.[Tomcat].[localhost].[/]       : Initializing Spring embedded WebApplicationContext
2025-11-24T09:54:50.809+09:00  INFO 5236 --- [gallery] [main] w.s.c.ServletWebServerApplicationContext : Root WebApplicationContext: initialization completed in 569 ms
2025-11-24T09:54:51.039+09:00  INFO 5236 --- [gallery] [main] o.s.b.w.embedded.tomcat.TomcatWebServer  : Tomcat started on port 8080 (http) with context path '/'
2025-11-24T09:54:51.047+09:00  INFO 5236 --- [gallery] [main] com.ssg.gallery.GalleryApplication       : Started GalleryApplication in 1.179 seconds (process running for 1.568)
2025-11-24T09:54:51.221+09:00  INFO 5236 --- [gallery] [http-nio-8080-exec-2] o.a.c.c.C.[Tomcat].[localhost].[/]       : Initializing Spring DispatcherServlet 'dispatcherServlet'
2025-11-24T09:54:51.221+09:00  INFO 5236 --- [gallery] [http-nio-8080-exec-2] o.s.web.servlet.DispatcherServlet        : Initializing Servlet 'dispatcherServlet'
2025-11-24T09:54:51.222+09:00  INFO 5236 --- [gallery] [http-nio-8080-exec-2] o.s.web.servlet.DispatcherServlet        : Completed initialization in 1 ms
2025-11-24T10:12:49.612+09:00  INFO 3088 --- [gallery] [main] com.ssg.gallery.GalleryApplication       : Starting GalleryApplication using Java 17.0.15 with PID 3088 (C:\study\gallery\build\classes\java\main started by ehs in C:\study\gallery)
2025-11-24T10:12:49.614+09:00 DEBUG 3088 --- [gallery] [main] com.ssg.gallery.GalleryApplication       : Running with Spring Boot v3.3.4, Spring v6.1.13
2025-11-24T10:12:49.614+09:00  INFO 3088 --- [gallery] [main] com.ssg.gallery.GalleryApplication       : No active profile set, falling back to 1 default profile: "default"
2025-11-24T10:12:50.199+09:00  INFO 3088 --- [gallery] [main] o.s.b.w.embedded.tomcat.TomcatWebServer  : Tomcat initialized with port 8080 (http)
2025-11-24T10:12:50.207+09:00  INFO 3088 --- [gallery] [main] o.apache.catalina.core.StandardService   : Starting service [Tomcat]
2025-11-24T10:12:50.207+09:00  INFO 3088 --- [gallery] [main] o.apache.catalina.core.StandardEngine    : Starting Servlet engine: [Apache Tomcat/10.1.30]
2025-11-24T10:12:50.244+09:00  INFO 3088 --- [gallery] [main] o.a.c.c.C.[Tomcat].[localhost].[/]       : Initializing Spring embedded WebApplicationContext
2025-11-24T10:12:50.245+09:00  INFO 3088 --- [gallery] [main] w.s.c.ServletWebServerApplicationContext : Root WebApplicationContext: initialization completed in 599 ms
2025-11-24T10:12:50.501+09:00  INFO 3088 --- [gallery] [main] o.s.b.w.embedded.tomcat.TomcatWebServer  : Tomcat started on port 8080 (http) with context path '/'
2025-11-24T10:12:50.509+09:00  INFO 3088 --- [gallery] [main] com.ssg.gallery.GalleryApplication       : Started GalleryApplication in 1.267 seconds (process running for 1.642)
